*** Starting uWSGI 2.0.17.1 (64bit) on [Tue Jan 22 17:42:18 2019] ***
compiled with version: 7.3.0 on 10 January 2019 08:51:46
os: Linux-4.15.0-43-generic #46-Ubuntu SMP Thu Dec 6 14:45:28 UTC 2018
nodename: yanchengxin
machine: x86_64
clock source: unix
pcre jit disabled
detected number of CPU cores: 12
current working directory: /home/yanchengxin/A/WaLiSYS/Site/Site
writing pidfile to uwsgi.pid
detected binary path: /usr/local/bin/uwsgi
chdir() to /home/ubuntu/Site
chdir(): No such file or directory [core/uwsgi.c line 2631]
*** Starting uWSGI 2.0.17.1 (64bit) on [Tue Jan 22 17:42:56 2019] ***
compiled with version: 7.3.0 on 10 January 2019 08:51:46
os: Linux-4.15.0-43-generic #46-Ubuntu SMP Thu Dec 6 14:45:28 UTC 2018
nodename: yanchengxin
machine: x86_64
clock source: unix
pcre jit disabled
detected number of CPU cores: 12
current working directory: /home/yanchengxin/A/WaLiSYS/Site/Site
writing pidfile to uwsgi.pid
detected binary path: /usr/local/bin/uwsgi
chdir() to /home/ubuntu/Site
chdir(): No such file or directory [core/uwsgi.c line 2631]
